This file contains any messages produced by compilers while
running configure, to aid debugging if configure makes a mistake.

It was created by Atari800 configure 2.2.1, which was
generated by GNU Autoconf 2.65.  Invocation command line was

  $ ./configure sdl --target=qnx

## --------- ##
## Platform. ##
## --------- ##

hostname = acer-laptop
uname -m = i686
uname -r = 1.0.12(0.46/3/2)
uname -s = MINGW32_NT-6.1
uname -v = 2011-05-22 01:19

/usr/bin/uname -p = unknown
/bin/uname -X     = unknown

/bin/arch              = unknown
/usr/bin/arch -k       = unknown
/usr/convex/getsysinfo = unknown
/usr/bin/hostinfo      = unknown
/bin/machine           = unknown
/usr/bin/oslevel       = unknown
/bin/universe          = unknown

PATH: /c/Users/trevor nunes/bin
PATH: .
PATH: /usr/local/bin
PATH: /mingw/bin
PATH: /bin
PATH: /c/devkitPro/msys/bin
PATH: /c/Program Files/Common Files/Microsoft Shared/Windows Live
PATH: /c/Program Files (x86)/Common Files/Microsoft Shared/Windows Live
PATH: /c/Windows/system32
PATH: /c/Windows
PATH: /c/Windows/System32/Wbem
PATH: /c/Program Files (x86)/EgisTec/MyWinLocker 3/x86
PATH: /c/Program Files (x86)/EgisTec/MyWinLocker 3/x64
PATH: /c/Program Files (x86)/Common Files/Roxio Shared/9.0/DLLShared/
PATH: /c/Windows/System32/WindowsPowerShell/v1.0/
PATH: /c/Program Files (x86)/Windows Live/Shared
PATH: /c/QNX650/host/win32/x86/usr/bin
PATH: /c/Program Files (x86)/QNX Software Systems/bin
PATH: /c/Parrot-3.0.0/bin
PATH: /c/Program Files (x86)/QuickTime/QTSystem/
PATH: /cmd
PATH: /bin
PATH: /c/Program Files/TortoiseSVN/bin
PATH: /c/Sun/SDK/bin
PATH: /c/Program Files (x86)/Common Files/Microsoft Shared/Windows Live


## ----------- ##
## Core tests. ##
## ----------- ##


## ---------------- ##
## Cache variables. ##
## ---------------- ##

ac_cv_env_CC_set=
ac_cv_env_CC_value=
ac_cv_env_CFLAGS_set=
ac_cv_env_CFLAGS_value=
ac_cv_env_CPPFLAGS_set=
ac_cv_env_CPPFLAGS_value=
ac_cv_env_CPP_set=
ac_cv_env_CPP_value=
ac_cv_env_LDFLAGS_set=
ac_cv_env_LDFLAGS_value=
ac_cv_env_LIBS_set=
ac_cv_env_LIBS_value=
ac_cv_env_XMKMF_set=
ac_cv_env_XMKMF_value=
ac_cv_env_build_alias_set=set
ac_cv_env_build_alias_value=sdl
ac_cv_env_host_alias_set=set
ac_cv_env_host_alias_value=sdl
ac_cv_env_target_alias_set=set
ac_cv_env_target_alias_value=qnx

## ----------------- ##
## Output variables. ##
## ----------------- ##

CC=''
CFLAGS=''
CONFIGURE_TARGET=''
CPP=''
CPPFLAGS=''
DEFS=''
ECHO_C=''
ECHO_N='-n'
ECHO_T=''
EGREP=''
EXEEXT=''
GREP=''
INSTALL_DATA=''
INSTALL_PROGRAM=''
INSTALL_SCRIPT=''
JAVACFLAGS=''
JAVAFLAGS=''
LDFLAGS=''
LIBOBJS=''
LIBS=''
LTLIBOBJS=''
OBJEXT=''
OBJS=''
PACKAGE_BUGREPORT='pstehlik@sophics.cz'
PACKAGE_NAME='Atari800'
PACKAGE_STRING='Atari800 2.2.1'
PACKAGE_TARNAME='atari800'
PACKAGE_URL=''
PACKAGE_VERSION='2.2.1'
PATH_SEPARATOR=':'
SDL_CFLAGS=''
SDL_CONFIG=''
SDL_LIBS=''
SHELL='/bin/sh'
XMKMF=''
ac_ct_CC=''
bindir='${exec_prefix}/bin'
build='sdl'
build_alias='sdl'
build_cpu=''
build_os=''
build_vendor=''
datadir='${datarootdir}'
datarootdir='${prefix}/share'
docdir='${datarootdir}/doc/${PACKAGE_TARNAME}'
dvidir='${docdir}'
exec_prefix='NONE'
host='sdl'
host_alias='sdl'
host_cpu=''
host_os=''
host_vendor=''
htmldir='${docdir}'
includedir='${prefix}/include'
infodir='${datarootdir}/info'
libdir='${exec_prefix}/lib'
libexecdir='${exec_prefix}/libexec'
localedir='${datarootdir}/locale'
localstatedir='${prefix}/var'
mandir='${datarootdir}/man'
oldincludedir='/usr/include'
pdfdir='${docdir}'
prefix='NONE'
program_transform_name='s,x,x,'
psdir='${docdir}'
sbindir='${exec_prefix}/sbin'
sharedstatedir='${prefix}/com'
sysconfdir='${prefix}/etc'
target_alias='qnx'

## ----------- ##
## confdefs.h. ##
## ----------- ##

/* confdefs.h */
#define PACKAGE_NAME "Atari800"
#define PACKAGE_TARNAME "atari800"
#define PACKAGE_VERSION "2.2.1"
#define PACKAGE_STRING "Atari800 2.2.1"
#define PACKAGE_BUGREPORT "pstehlik@sophics.cz"
#define PACKAGE_URL ""

configure: exit 1
